<?xml version="1.0" encoding="UTF-8"?>
<!-- Generated by org.testng.reporters.JUnitReportReporter -->
<testsuite skipped="0" hostname="ELM-VJAMI" name="org.t360.testcases.MatterCreationWorkflowPageTest" tests="1" failures="0" timestamp="09 Jul 2018 14:04:45 GMT" time="34.337" errors="0">
  <testcase name="addMatterTest" time="34.337" classname="org.t360.testcases.MatterCreationWorkflowPageTest"/>
</testsuite> <!-- org.t360.testcases.MatterCreationWorkflowPageTest -->
