<?xml version="1.0" encoding="UTF-8"?>
<!-- Generated by org.testng.reporters.JUnitReportReporter -->
<testsuite skipped="0" hostname="ELM-VJAMI" name="org.t360.testcases.HomePageTest" tests="1" failures="0" timestamp="04 Jul 2018 13:00:27 GMT" time="25.953" errors="0">
  <testcase name="navigateToMatterCreationWorkFlowPage" time="25.953" classname="org.t360.testcases.HomePageTest"/>
</testsuite> <!-- org.t360.testcases.HomePageTest -->
