<?xml version="1.0" encoding="UTF-8"?>
<!-- Generated by org.testng.reporters.JUnitReportReporter -->
<testsuite skipped="0" hostname="ELM-VJAMI" name="org.t360.testcases.LoginPageTest" tests="2" failures="0" timestamp="03 Jul 2018 13:49:24 GMT" time="28.043" errors="0">
  <testcase name="validateLoginPageTest" time="10.304" classname="org.t360.testcases.LoginPageTest"/>
  <testcase name="loginTest" time="17.739" classname="org.t360.testcases.LoginPageTest"/>
</testsuite> <!-- org.t360.testcases.LoginPageTest -->
